:core:startClean
clean complete
:core:startBuild
build complete
:core:generatePomFileForMavenPublication
:core:sourceJar
:core:publishMavenPublicationToMavenRepository FAILED
:core:preBuild UP-TO-DATE
:core:preDebugBuild UP-TO-DATE
:core:compileDebugAidl
:core:compileDebugRenderscript
:core:checkDebugManifest
:core:generateDebugBuildConfig
:core:generateDebugResValues
:core:generateDebugResources
:core:packageDebugResources
:core:platformAttrExtractor
:core:processDebugManifest
:core:prepareLintJar UP-TO-DATE
:core:mergeDebugConsumerProguardFiles UP-TO-DATE
:core:mergeDebugShaders
:core:compileDebugShaders
:core:generateDebugAssets
:core:packageDebugAssets
:core:packageDebugRenderscript NO-SOURCE
:core:processDebugJavaRes NO-SOURCE
:core:compileDebugNdk NO-SOURCE
:core:mergeDebugJniLibFolders
:core:transformNativeLibsWithMergeJniLibsForDebug
:core:transformNativeLibsWithStripDebugSymbolForDebug
:core:transformNativeLibsWithSyncJniLibsForDebug
:core:preReleaseBuild UP-TO-DATE
:core:compileReleaseAidl
:core:compileReleaseRenderscript
:core:checkReleaseManifest
:core:generateReleaseBuildConfig
:core:generateReleaseResValues
:core:generateReleaseResources
:core:packageReleaseResources
:core:processReleaseManifest
:core:mergeReleaseConsumerProguardFiles UP-TO-DATE
:core:mergeReleaseShaders
:core:compileReleaseShaders
:core:generateReleaseAssets
:core:packageReleaseAssets
:core:packageReleaseRenderscript NO-SOURCE
:core:processReleaseJavaRes NO-SOURCE
:core:compileReleaseNdk NO-SOURCE
:core:mergeReleaseJniLibFolders
:core:transformNativeLibsWithMergeJniLibsForRelease
:core:transformNativeLibsWithStripDebugSymbolForRelease
:core:transformNativeLibsWithSyncJniLibsForRelease
:core:mergeReleaseResources
:core:verifyReleaseResources
:core:preDebugUnitTestBuild UP-TO-DATE
:core:mockableAndroidJar
:core:processDebugUnitTestJavaRes NO-SOURCE
:core:preReleaseUnitTestBuild UP-TO-DATE
:core:processReleaseUnitTestJavaRes NO-SOURCE
:core:generateDebugRFile
:core:kaptGenerateStubsDebugKotlin
:core:kaptDebugKotlin
w: 注: [1] Wrote GeneratedAppGlideModule with: []
:core:compileDebugKotlin
:core:generateDebugSources
:core:javaPreCompileDebug
:core:compileDebugJavaWithJavac
:core:extractDebugAnnotations
:core:transformResourcesWithMergeJavaResForDebug
:core:transformClassesAndResourcesWithSyncLibJarsForDebug
:core:bundleDebug
:core:compileDebugSources
:core:assembleDebug
:core:generateReleaseRFile
:core:kaptGenerateStubsReleaseKotlin
:core:kaptReleaseKotlin
w: 注: [1] Wrote GeneratedAppGlideModule with: []
:core:compileReleaseKotlin
:core:generateReleaseSources
:core:javaPreCompileRelease
:core:compileReleaseJavaWithJavac
:core:extractReleaseAnnotations
:core:transformResourcesWithMergeJavaResForRelease
:core:transformClassesAndResourcesWithSyncLibJarsForRelease
:core:bundleRelease
:core:compileReleaseSources
:core:assembleRelease
:core:assemble
:core:lint
Ran lint on variant release: 10 issues found
Ran lint on variant debug: 10 issues found
Wrote HTML report to file:///Users/joey/AndroidStudioProjects/Cheetah/core/build/reports/lint-results.html
Wrote XML report to file:///Users/joey/AndroidStudioProjects/Cheetah/core/build/reports/lint-results.xml
:core:kaptGenerateStubsDebugUnitTestKotlin NO-SOURCE
:core:kaptDebugUnitTestKotlin
:core:compileDebugUnitTestKotlin NO-SOURCE
:core:javaPreCompileDebugUnitTest
:core:compileDebugUnitTestJavaWithJavac NO-SOURCE
:core:transformClassesAndResourcesWithPrepareIntermediateJarsForDebug
:core:testDebugUnitTest NO-SOURCE
:core:kaptGenerateStubsReleaseUnitTestKotlin NO-SOURCE
:core:kaptReleaseUnitTestKotlin
:core:compileReleaseUnitTestKotlin NO-SOURCE
:core:javaPreCompileReleaseUnitTest
:core:compileReleaseUnitTestJavaWithJavac NO-SOURCE
:core:transformClassesAndResourcesWithPrepareIntermediateJarsForRelease
:core:testReleaseUnitTest NO-SOURCE
:core:test UP-TO-DATE
:core:check
:core:build
:core:clean
68 actionable tasks: 65 executed, 3 up-to-date
